[sudo] password for psh: === [03-master1-init] 시작: k8s-master1 ===
--- [pre-check] VIP 접근 확인
Connection to 10.10.120.229 6443 port [tcp/*] succeeded!
--- [1/5] kubeadm preflight 검사
[config/images] Pulled registry.k8s.io/kube-apiserver:v1.30.0
[config/images] Pulled registry.k8s.io/kube-controller-manager:v1.30.0
[config/images] Pulled registry.k8s.io/kube-scheduler:v1.30.0
[config/images] Pulled registry.k8s.io/kube-proxy:v1.30.0
[config/images] Pulled registry.k8s.io/coredns/coredns:v1.11.1
[config/images] Pulled registry.k8s.io/pause:3.9
[config/images] Pulled registry.k8s.io/etcd:3.5.12-0
--- [2/5] kubeadm init 실행
[init] Using Kubernetes version: v1.30.0
[preflight] Running pre-flight checks
[preflight] Pulling images required for setting up a Kubernetes cluster
[preflight] This might take a minute or two, depending on the speed of your internet connection
[preflight] You can also perform this action in beforehand using 'kubeadm config images pull'
W0403 06:18:54.950028   18122 checks.go:844] detected that the sandbox image "registry.k8s.io/pause:3.8" of the container runtime is inconsistent with that used by kubeadm.It is recommended to use "registry.k8s.io/pause:3.9" as the CRI sandbox image.
[certs] Using certificateDir folder "/etc/kubernetes/pki"
[certs] Generating "ca" certificate and key
[certs] Generating "apiserver" certificate and key
[certs] apiserver serving cert is signed for DNS names [k8s-api k8s-master1 k8s-master2 k8s-master3 kubernetes kubernetes.default kubernetes.default.svc kubernetes.default.svc.cluster.local localhost] and IPs [10.96.0.1 10.10.120.232 10.10.120.229 10.10.120.233 10.10.120.234 127.0.0.1]
[certs] Generating "apiserver-kubelet-client" certificate and key
[certs] Generating "front-proxy-ca" certificate and key
[certs] Generating "front-proxy-client" certificate and key
[certs] Generating "etcd/ca" certificate and key
[certs] Generating "etcd/server" certificate and key
[certs] etcd/server serving cert is signed for DNS names [k8s-master1 localhost] and IPs [10.10.120.232 127.0.0.1 ::1]
[certs] Generating "etcd/peer" certificate and key
[certs] etcd/peer serving cert is signed for DNS names [k8s-master1 localhost] and IPs [10.10.120.232 127.0.0.1 ::1]
[certs] Generating "etcd/healthcheck-client" certificate and key
[certs] Generating "apiserver-etcd-client" certificate and key
[certs] Generating "sa" key and public key
[kubeconfig] Using kubeconfig folder "/etc/kubernetes"
[kubeconfig] Writing "admin.conf" kubeconfig file
[kubeconfig] Writing "super-admin.conf" kubeconfig file
[kubeconfig] Writing "kubelet.conf" kubeconfig file
[kubeconfig] Writing "controller-manager.conf" kubeconfig file
[kubeconfig] Writing "scheduler.conf" kubeconfig file
[etcd] Creating static Pod manifest for local etcd in "/etc/kubernetes/manifests"
[control-plane] Using manifest folder "/etc/kubernetes/manifests"
[control-plane] Creating static Pod manifest for "kube-apiserver"
[control-plane] Creating static Pod manifest for "kube-controller-manager"
[control-plane] Creating static Pod manifest for "kube-scheduler"
[kubelet-start] Writing kubelet environment file with flags to file "/var/lib/kubelet/kubeadm-flags.env"
[kubelet-start] Writing kubelet configuration to file "/var/lib/kubelet/config.yaml"
[kubelet-start] Starting the kubelet
[wait-control-plane] Waiting for the kubelet to boot up the control plane as static Pods from directory "/etc/kubernetes/manifests"
[kubelet-check] Waiting for a healthy kubelet. This can take up to 4m0s
[kubelet-check] The kubelet is healthy after 506.46333ms
[api-check] Waiting for a healthy API server. This can take up to 4m0s
[api-check] The API server is healthy after 11.041180674s
[upload-config] Storing the configuration used in ConfigMap "kubeadm-config" in the "kube-system" Namespace
[kubelet] Creating a ConfigMap "kubelet-config" in namespace kube-system with the configuration for the kubelets in the cluster
[upload-certs] Storing the certificates in Secret "kubeadm-certs" in the "kube-system" Namespace
[upload-certs] Using certificate key:
bf25c86a8433255808efba9d6cccc594c53240f2482cbc4d7e0880b5f8cb23ab
[mark-control-plane] Marking the node k8s-master1 as control-plane by adding the labels: [node-role.kubernetes.io/control-plane node.kubernetes.io/exclude-from-external-load-balancers]
[mark-control-plane] Marking the node k8s-master1 as control-plane by adding the taints [node-role.kubernetes.io/control-plane:NoSchedule]
[bootstrap-token] Using token: l3kjr6.3gojxma0jlm542cm
[bootstrap-token] Configuring bootstrap tokens, cluster-info ConfigMap, RBAC Roles
[bootstrap-token] Configured RBAC rules to allow Node Bootstrap tokens to get nodes
[bootstrap-token] Configured RBAC rules to allow Node Bootstrap tokens to post CSRs in order for nodes to get long term certificate credentials
[bootstrap-token] Configured RBAC rules to allow the csrapprover controller automatically approve CSRs from a Node Bootstrap Token
[bootstrap-token] Configured RBAC rules to allow certificate rotation for all node client certificates in the cluster
[bootstrap-token] Creating the "cluster-info" ConfigMap in the "kube-public" namespace
[kubelet-finalize] Updating "/etc/kubernetes/kubelet.conf" to point to a rotatable kubelet client certificate and key
[addons] Applied essential addon: CoreDNS
[addons] Applied essential addon: kube-proxy

Your Kubernetes control-plane has initialized successfully!

To start using your cluster, you need to run the following as a regular user:

  mkdir -p $HOME/.kube
  sudo cp -i /etc/kubernetes/admin.conf $HOME/.kube/config
  sudo chown $(id -u):$(id -g) $HOME/.kube/config

Alternatively, if you are the root user, you can run:

  export KUBECONFIG=/etc/kubernetes/admin.conf

You should now deploy a pod network to the cluster.
Run "kubectl apply -f [podnetwork].yaml" with one of the options listed at:
  https://kubernetes.io/docs/concepts/cluster-administration/addons/

You can now join any number of the control-plane node running the following command on each as root:

  kubeadm join 10.10.120.229:6443 --token l3kjr6.3gojxma0jlm542cm \
	--discovery-token-ca-cert-hash sha256:ce3ba2b27f7c2fb117ad4d6857055b3da9d452ac4c92186b315cb7879a83a804 \
	--control-plane --certificate-key bf25c86a8433255808efba9d6cccc594c53240f2482cbc4d7e0880b5f8cb23ab

Please note that the certificate-key gives access to cluster sensitive data, keep it secret!
As a safeguard, uploaded-certs will be deleted in two hours; If necessary, you can use
"kubeadm init phase upload-certs --upload-certs" to reload certs afterward.

Then you can join any number of worker nodes by running the following on each as root:

kubeadm join 10.10.120.229:6443 --token l3kjr6.3gojxma0jlm542cm \
	--discovery-token-ca-cert-hash sha256:ce3ba2b27f7c2fb117ad4d6857055b3da9d452ac4c92186b315cb7879a83a804 
--- [3/5] kubeconfig 설정
    kubeconfig → /home/psh/.kube/config
--- [4/5] Join 명령어 추출
    Join 정보 저장: /home/psh/scripts/k8s-install/join-tokens/
    !! join-tokens/ 디렉터리는 .gitignore 에 등록됩니다 (토큰 노출 방지)
--- [5/5] 클러스터 초기 상태 확인
NAME          STATUS     ROLES           AGE   VERSION
k8s-master1   NotReady   control-plane   2s    v1.30.0
NAME                                  READY   STATUS    RESTARTS   AGE
etcd-k8s-master1                      0/1     Pending   0          1s
kube-apiserver-k8s-master1            0/1     Pending   0          1s
kube-controller-manager-k8s-master1   0/1     Pending   0          1s
kube-scheduler-k8s-master1            0/1     Pending   0          1s

=== [03-master1-init] 완료 ===

다음 단계:
  1. Calico 설치: 06-calico.sh (CNI 없으면 CoreDNS 가 Pending 상태)
  2. master2/master3: 04-master-join.sh 실행
     join 명령: cat /home/psh/scripts/k8s-install/join-tokens/kubeadm-init-full.log | grep -A 10 'control-plane'
  3. proxy1/proxy2: 05-worker-join.sh 실행
